<?xml version="1.0" encoding="UTF-8"?>
<!-- Generated by org.testng.reporters.JUnitXMLReporter -->
<testsuite hostname="EPINHYDW0BF5" ignored="0" name="Default test" tests="2" failures="0" timestamp="2021-12-19T18:39:28 IST" time="54.486" errors="0">
  <testcase name="testFullyVaccinatedStates" time="10.002" classname="arogyasetu_application.TestArogyasetuApp"/>
  <testcase name="testStateWiseCovidCasesCount" time="40.022" classname="arogyasetu_application.TestArogyasetuApp"/>
</testsuite> <!-- Default test -->
