<?xml version="1.0" encoding="UTF-8"?>
<!-- Generated by org.testng.reporters.JUnitXMLReporter -->
<testsuite hostname="EPINHYDW0BF5" ignored="2" name="ArogyaSetuAppTest" tests="2" failures="0" timestamp="2021-12-19T18:49:20 IST" time="53.895" errors="0">
  <testcase name="testFullyVaccinatedStates" time="9.943" classname="arogyasetu_application.TestArogyasetuApp"/>
  <testcase name="testStateWiseCovidCasesCount" time="39.639" classname="arogyasetu_application.TestArogyasetuApp"/>
  <testcase name="@BeforeTest setUp" time="0.0" classname="arogyasetu_application.BaseTestConfiguranceArogyasetuApp">
    <ignored/>
  </testcase> <!-- @BeforeTest setUp -->
  <testcase name="@AfterTest tearDown" time="0.0" classname="arogyasetu_application.BaseTestConfiguranceArogyasetuApp">
    <ignored/>
  </testcase> <!-- @AfterTest tearDown -->
</testsuite> <!-- ArogyaSetuAppTest -->
